2022-02-01 15:27:30.174 [restartedMain] INFO  c.s.springbootdemo.SpringbootdemoApplication - Starting SpringbootdemoApplication on Jiang with PID 15196 (F:\workspace\java\SpringBootWorkSpace\target\classes started by Administrator in F:\workspace\java\SpringBootWorkSpace)
2022-02-01 15:27:30.175 [restartedMain] INFO  c.s.springbootdemo.SpringbootdemoApplication - No active profile set, falling back to default profiles: default
2022-02-01 15:27:30.278 [restartedMain] INFO  o.s.b.d.env.DevToolsPropertyDefaultsPostProcessor - Devtools property defaults active! Set 'spring.devtools.add-properties' to 'false' to disable
2022-02-01 15:27:30.279 [restartedMain] INFO  o.s.b.d.env.DevToolsPropertyDefaultsPostProcessor - For additional web related logging consider setting the 'logging.level.web' property to 'DEBUG'
2022-02-01 15:27:31.096 [restartedMain] WARN  org.mybatis.spring.mapper.ClassPathMapperScanner - Skipping MapperFactoryBean with name 'userDao' and 'com.springboot.springbootdemo.dao.db1.UserDao' mapperInterface. Bean already defined with the same name!
2022-02-01 15:27:31.096 [restartedMain] WARN  org.mybatis.spring.mapper.ClassPathMapperScanner - Skipping MapperFactoryBean with name 'departmentDao' and 'com.springboot.springbootdemo.dao.db2.DepartmentDao' mapperInterface. Bean already defined with the same name!
2022-02-01 15:27:31.373 [restartedMain] INFO  o.s.d.r.config.RepositoryConfigurationDelegate - Multiple Spring Data modules found, entering strict repository configuration mode!
2022-02-01 15:27:31.376 [restartedMain] INFO  o.s.d.r.config.RepositoryConfigurationDelegate - Bootstrapping Spring Data Elasticsearch repositories in DEFAULT mode.
2022-02-01 15:27:31.483 [restartedMain] INFO  o.s.d.r.config.RepositoryConfigurationDelegate - Finished Spring Data repository scanning in 98ms. Found 1 Elasticsearch repository interfaces.
2022-02-01 15:27:31.490 [restartedMain] INFO  o.s.d.r.config.RepositoryConfigurationDelegate - Multiple Spring Data modules found, entering strict repository configuration mode!
2022-02-01 15:27:31.491 [restartedMain] INFO  o.s.d.r.config.RepositoryConfigurationDelegate - Bootstrapping Spring Data Reactive Elasticsearch repositories in DEFAULT mode.
2022-02-01 15:27:31.500 [restartedMain] INFO  o.s.d.r.config.RepositoryConfigurationDelegate - Finished Spring Data repository scanning in 8ms. Found 0 Reactive Elasticsearch repository interfaces.
2022-02-01 15:27:31.516 [restartedMain] INFO  o.s.d.r.config.RepositoryConfigurationDelegate - Multiple Spring Data modules found, entering strict repository configuration mode!
2022-02-01 15:27:31.517 [restartedMain] INFO  o.s.d.r.config.RepositoryConfigurationDelegate - Bootstrapping Spring Data JPA repositories in DEFERRED mode.
2022-02-01 15:27:31.533 [restartedMain] INFO  o.s.d.r.c.RepositoryConfigurationExtensionSupport - Spring Data JPA - Could not safely identify store assignment for repository candidate interface com.springboot.springbootdemo.dao.es.EsBeanDao. If you want this repository to be a JPA repository, consider annotating your entities with one of these annotations: javax.persistence.Entity, javax.persistence.MappedSuperclass (preferred), or consider extending one of the following types with your repository: org.springframework.data.jpa.repository.JpaRepository.
2022-02-01 15:27:31.535 [restartedMain] INFO  o.s.d.r.config.RepositoryConfigurationDelegate - Finished Spring Data repository scanning in 13ms. Found 0 JPA repository interfaces.
2022-02-01 15:27:31.557 [restartedMain] INFO  o.s.d.r.config.RepositoryConfigurationDelegate - Multiple Spring Data modules found, entering strict repository configuration mode!
2022-02-01 15:27:31.558 [restartedMain] INFO  o.s.d.r.config.RepositoryConfigurationDelegate - Bootstrapping Spring Data Redis repositories in DEFAULT mode.
2022-02-01 15:27:31.579 [restartedMain] INFO  o.s.d.r.c.RepositoryConfigurationExtensionSupport - Spring Data Redis - Could not safely identify store assignment for repository candidate interface com.springboot.springbootdemo.dao.es.EsBeanDao. If you want this repository to be a Redis repository, consider annotating your entities with one of these annotations: org.springframework.data.redis.core.RedisHash (preferred), or consider extending one of the following types with your repository: org.springframework.data.keyvalue.repository.KeyValueRepository.
2022-02-01 15:27:31.579 [restartedMain] INFO  o.s.d.r.config.RepositoryConfigurationDelegate - Finished Spring Data repository scanning in 8ms. Found 0 Redis repository interfaces.
2022-02-01 15:27:32.636 [restartedMain] INFO  o.s.boot.web.embedded.tomcat.TomcatWebServer - Tomcat initialized with port(s): 8081 (http)
2022-02-01 15:27:32.648 [restartedMain] INFO  org.apache.coyote.http11.Http11NioProtocol - Initializing ProtocolHandler ["http-nio-8081"]
2022-02-01 15:27:32.648 [restartedMain] INFO  org.apache.catalina.core.StandardService - Starting service [Tomcat]
2022-02-01 15:27:32.648 [restartedMain] INFO  org.apache.catalina.core.StandardEngine - Starting Servlet engine: [Apache Tomcat/9.0.37]
2022-02-01 15:27:32.856 [restartedMain] INFO  o.a.c.c.C.[Tomcat].[localhost].[/share] - Initializing Spring embedded WebApplicationContext
2022-02-01 15:27:32.856 [restartedMain] INFO  o.s.b.w.s.c.ServletWebServerApplicationContext - Root WebApplicationContext: initialization completed in 2577 ms
2022-02-01 15:27:33.984 [restartedMain] WARN  o.s.b.w.s.c.AnnotationConfigServletWebServerApplicationContext - Exception encountered during context initialization - cancelling refresh attempt: org.springframework.beans.factory.UnsatisfiedDependencyException: Error creating bean with name 'asyncController': Unsatisfied dependency expressed through field 'asyncService'; nested exception is org.springframework.beans.factory.NoSuchBeanDefinitionException: No qualifying bean of type 'com.springboot.springbootdemo.service.aysnc.AsyncService' available: expected at least 1 bean which qualifies as autowire candidate. Dependency annotations: {@org.springframework.beans.factory.annotation.Autowired(required=true)}
2022-02-01 15:27:34.008 [restartedMain] INFO  org.apache.catalina.core.StandardService - Stopping service [Tomcat]
2022-02-01 15:27:34.023 [restartedMain] INFO  o.s.b.a.l.ConditionEvaluationReportLoggingListener - 

Error starting ApplicationContext. To display the conditions report re-run your application with 'debug' enabled.
2022-02-01 15:27:34.207 [restartedMain] ERROR o.s.b.diagnostics.LoggingFailureAnalysisReporter - 

***************************
APPLICATION FAILED TO START
***************************

Description:

Field asyncService in com.springboot.springbootdemo.controller.async.AsyncController required a bean of type 'com.springboot.springbootdemo.service.aysnc.AsyncService' that could not be found.

The injection point has the following annotations:
	- @org.springframework.beans.factory.annotation.Autowired(required=true)


Action:

Consider defining a bean of type 'com.springboot.springbootdemo.service.aysnc.AsyncService' in your configuration.

2022-02-01 15:28:29.583 [restartedMain] INFO  c.s.springbootdemo.SpringbootdemoApplication - Starting SpringbootdemoApplication on Jiang with PID 3460 (F:\workspace\java\SpringBootWorkSpace\target\classes started by Administrator in F:\workspace\java\SpringBootWorkSpace)
2022-02-01 15:28:29.584 [restartedMain] INFO  c.s.springbootdemo.SpringbootdemoApplication - No active profile set, falling back to default profiles: default
2022-02-01 15:28:29.636 [restartedMain] INFO  o.s.b.d.env.DevToolsPropertyDefaultsPostProcessor - Devtools property defaults active! Set 'spring.devtools.add-properties' to 'false' to disable
2022-02-01 15:28:29.637 [restartedMain] INFO  o.s.b.d.env.DevToolsPropertyDefaultsPostProcessor - For additional web related logging consider setting the 'logging.level.web' property to 'DEBUG'
2022-02-01 15:28:30.254 [restartedMain] WARN  org.mybatis.spring.mapper.ClassPathMapperScanner - Skipping MapperFactoryBean with name 'userDao' and 'com.springboot.springbootdemo.dao.db1.UserDao' mapperInterface. Bean already defined with the same name!
2022-02-01 15:28:30.254 [restartedMain] WARN  org.mybatis.spring.mapper.ClassPathMapperScanner - Skipping MapperFactoryBean with name 'departmentDao' and 'com.springboot.springbootdemo.dao.db2.DepartmentDao' mapperInterface. Bean already defined with the same name!
2022-02-01 15:28:30.442 [restartedMain] INFO  o.s.d.r.config.RepositoryConfigurationDelegate - Multiple Spring Data modules found, entering strict repository configuration mode!
2022-02-01 15:28:30.444 [restartedMain] INFO  o.s.d.r.config.RepositoryConfigurationDelegate - Bootstrapping Spring Data Elasticsearch repositories in DEFAULT mode.
2022-02-01 15:28:30.521 [restartedMain] INFO  o.s.d.r.config.RepositoryConfigurationDelegate - Finished Spring Data repository scanning in 72ms. Found 1 Elasticsearch repository interfaces.
2022-02-01 15:28:30.527 [restartedMain] INFO  o.s.d.r.config.RepositoryConfigurationDelegate - Multiple Spring Data modules found, entering strict repository configuration mode!
2022-02-01 15:28:30.528 [restartedMain] INFO  o.s.d.r.config.RepositoryConfigurationDelegate - Bootstrapping Spring Data Reactive Elasticsearch repositories in DEFAULT mode.
2022-02-01 15:28:30.537 [restartedMain] INFO  o.s.d.r.config.RepositoryConfigurationDelegate - Finished Spring Data repository scanning in 8ms. Found 0 Reactive Elasticsearch repository interfaces.
2022-02-01 15:28:30.546 [restartedMain] INFO  o.s.d.r.config.RepositoryConfigurationDelegate - Multiple Spring Data modules found, entering strict repository configuration mode!
2022-02-01 15:28:30.546 [restartedMain] INFO  o.s.d.r.config.RepositoryConfigurationDelegate - Bootstrapping Spring Data JPA repositories in DEFERRED mode.
2022-02-01 15:28:30.562 [restartedMain] INFO  o.s.d.r.c.RepositoryConfigurationExtensionSupport - Spring Data JPA - Could not safely identify store assignment for repository candidate interface com.springboot.springbootdemo.dao.es.EsBeanDao. If you want this repository to be a JPA repository, consider annotating your entities with one of these annotations: javax.persistence.Entity, javax.persistence.MappedSuperclass (preferred), or consider extending one of the following types with your repository: org.springframework.data.jpa.repository.JpaRepository.
2022-02-01 15:28:30.563 [restartedMain] INFO  o.s.d.r.config.RepositoryConfigurationDelegate - Finished Spring Data repository scanning in 13ms. Found 0 JPA repository interfaces.
2022-02-01 15:28:30.579 [restartedMain] INFO  o.s.d.r.config.RepositoryConfigurationDelegate - Multiple Spring Data modules found, entering strict repository configuration mode!
2022-02-01 15:28:30.580 [restartedMain] INFO  o.s.d.r.config.RepositoryConfigurationDelegate - Bootstrapping Spring Data Redis repositories in DEFAULT mode.
2022-02-01 15:28:30.596 [restartedMain] INFO  o.s.d.r.c.RepositoryConfigurationExtensionSupport - Spring Data Redis - Could not safely identify store assignment for repository candidate interface com.springboot.springbootdemo.dao.es.EsBeanDao. If you want this repository to be a Redis repository, consider annotating your entities with one of these annotations: org.springframework.data.redis.core.RedisHash (preferred), or consider extending one of the following types with your repository: org.springframework.data.keyvalue.repository.KeyValueRepository.
2022-02-01 15:28:30.596 [restartedMain] INFO  o.s.d.r.config.RepositoryConfigurationDelegate - Finished Spring Data repository scanning in 8ms. Found 0 Redis repository interfaces.
2022-02-01 15:28:31.444 [restartedMain] INFO  o.s.boot.web.embedded.tomcat.TomcatWebServer - Tomcat initialized with port(s): 8081 (http)
2022-02-01 15:28:31.454 [restartedMain] INFO  org.apache.coyote.http11.Http11NioProtocol - Initializing ProtocolHandler ["http-nio-8081"]
2022-02-01 15:28:31.455 [restartedMain] INFO  org.apache.catalina.core.StandardService - Starting service [Tomcat]
2022-02-01 15:28:31.455 [restartedMain] INFO  org.apache.catalina.core.StandardEngine - Starting Servlet engine: [Apache Tomcat/9.0.37]
2022-02-01 15:28:31.616 [restartedMain] INFO  o.a.c.c.C.[Tomcat].[localhost].[/share] - Initializing Spring embedded WebApplicationContext
2022-02-01 15:28:31.616 [restartedMain] INFO  o.s.b.w.s.c.ServletWebServerApplicationContext - Root WebApplicationContext: initialization completed in 1979 ms
2022-02-01 15:28:32.935 [restartedMain] WARN  org.springframework.data.convert.CustomConversions - Registering converter from class org.springframework.data.geo.Point to interface java.util.Map as writing converter although it doesn't convert to a store-supported type! You might want to check your annotation setup at the converter implementation.
2022-02-01 15:28:32.935 [restartedMain] WARN  org.springframework.data.convert.CustomConversions - Registering converter from interface java.util.Map to class org.springframework.data.geo.Point as reading converter although it doesn't convert from a store-supported type! You might want to check your annotation setup at the converter implementation.
2022-02-01 15:28:32.935 [restartedMain] WARN  org.springframework.data.convert.CustomConversions - Registering converter from class org.springframework.data.elasticsearch.core.geo.GeoPoint to interface java.util.Map as writing converter although it doesn't convert to a store-supported type! You might want to check your annotation setup at the converter implementation.
2022-02-01 15:28:32.935 [restartedMain] WARN  org.springframework.data.convert.CustomConversions - Registering converter from interface java.util.Map to class org.springframework.data.elasticsearch.core.geo.GeoPoint as reading converter although it doesn't convert from a store-supported type! You might want to check your annotation setup at the converter implementation.
2022-02-01 15:28:34.525 [restartedMain] INFO  o.s.data.elasticsearch.support.VersionInfo - Version Spring Data Elasticsearch: 4.0.2.RELEASE
2022-02-01 15:28:34.526 [restartedMain] INFO  o.s.data.elasticsearch.support.VersionInfo - Version Elasticsearch Client in build: 7.6.2
2022-02-01 15:28:34.526 [restartedMain] INFO  o.s.data.elasticsearch.support.VersionInfo - Version Elasticsearch Client used: 7.6.2
2022-02-01 15:28:34.644 [restartedMain] INFO  o.s.b.d.autoconfigure.OptionalLiveReloadServer - LiveReload server is running on port 35729
2022-02-01 15:28:35.683 [restartedMain] WARN  o.s.d.e.r.support.AbstractElasticsearchRepository - Cannot create index: Timeout connecting to [localhost/127.0.0.1:9200]; nested exception is java.lang.RuntimeException: Timeout connecting to [localhost/127.0.0.1:9200]
2022-02-01 15:28:36.215 [restartedMain] INFO  o.s.scheduling.concurrent.ThreadPoolTaskExecutor - Initializing ExecutorService 'applicationTaskExecutor'
2022-02-01 15:28:36.322 [restartedMain] INFO  o.s.b.a.web.servlet.WelcomePageHandlerMapping - Adding welcome page: class path resource [static/index.html]
2022-02-01 15:28:37.256 [restartedMain] INFO  org.apache.coyote.http11.Http11NioProtocol - Starting ProtocolHandler ["http-nio-8081"]
2022-02-01 15:28:37.272 [restartedMain] INFO  o.s.boot.web.embedded.tomcat.TomcatWebServer - Tomcat started on port(s): 8081 (http) with context path '/share'
2022-02-01 15:28:37.273 [restartedMain] INFO  o.s.a.rabbit.connection.CachingConnectionFactory - Attempting to connect to: [localhost:5672]
2022-02-01 15:28:37.309 [restartedMain] INFO  o.s.a.rabbit.connection.CachingConnectionFactory - Created new connection: rabbitConnectionFactory#512be5f8:0/SimpleConnection@4e357921 [delegate=amqp://guest@127.0.0.1:5672/, localPort= 57014]
2022-02-01 15:28:49.357 [restartedMain] INFO  o.s.a.r.listener.SimpleMessageListenerContainer - Broker not available; cannot force queue declarations during start: Error creating bean with name 'jpaMappingContext': Invocation of init method failed; nested exception is java.lang.IllegalArgumentException: JPA metamodel must not be empty!
2022-02-01 15:28:49.463 [restartedMain] INFO  o.s.d.r.c.DeferredRepositoryInitializationListener - Triggering deferred initialization of Spring Data repositories…
2022-02-01 15:28:49.464 [restartedMain] INFO  o.s.d.r.c.DeferredRepositoryInitializationListener - Spring Data repositories initialized!
2022-02-01 15:28:49.474 [restartedMain] INFO  c.s.springbootdemo.SpringbootdemoApplication - Started SpringbootdemoApplication in 20.654 seconds (JVM running for 21.546)
2022-02-01 15:28:49.476 [restartedMain] INFO  c.s.springbootdemo.SpringbootdemoApplication - ===============启动成功了===============
2022-02-01 15:29:06.391 [http-nio-8081-exec-1] INFO  o.a.c.c.C.[Tomcat].[localhost].[/share] - Initializing Spring DispatcherServlet 'dispatcherServlet'
2022-02-01 15:29:06.391 [http-nio-8081-exec-1] INFO  org.springframework.web.servlet.DispatcherServlet - Initializing Servlet 'dispatcherServlet'
2022-02-01 15:29:06.404 [http-nio-8081-exec-1] INFO  org.springframework.web.servlet.DispatcherServlet - Completed initialization in 13 ms
2022-02-01 15:30:21.735 [restartedMain] INFO  c.s.springbootdemo.SpringbootdemoApplication - Starting SpringbootdemoApplication on Jiang with PID 2120 (F:\workspace\java\SpringBootWorkSpace\target\classes started by Administrator in F:\workspace\java\SpringBootWorkSpace)
2022-02-01 15:30:21.736 [restartedMain] INFO  c.s.springbootdemo.SpringbootdemoApplication - No active profile set, falling back to default profiles: default
2022-02-01 15:30:21.790 [restartedMain] INFO  o.s.b.d.env.DevToolsPropertyDefaultsPostProcessor - Devtools property defaults active! Set 'spring.devtools.add-properties' to 'false' to disable
2022-02-01 15:30:21.790 [restartedMain] INFO  o.s.b.d.env.DevToolsPropertyDefaultsPostProcessor - For additional web related logging consider setting the 'logging.level.web' property to 'DEBUG'
2022-02-01 15:30:22.414 [restartedMain] WARN  org.mybatis.spring.mapper.ClassPathMapperScanner - Skipping MapperFactoryBean with name 'userDao' and 'com.springboot.springbootdemo.dao.db1.UserDao' mapperInterface. Bean already defined with the same name!
2022-02-01 15:30:22.414 [restartedMain] WARN  org.mybatis.spring.mapper.ClassPathMapperScanner - Skipping MapperFactoryBean with name 'departmentDao' and 'com.springboot.springbootdemo.dao.db2.DepartmentDao' mapperInterface. Bean already defined with the same name!
2022-02-01 15:30:22.599 [restartedMain] INFO  o.s.d.r.config.RepositoryConfigurationDelegate - Multiple Spring Data modules found, entering strict repository configuration mode!
2022-02-01 15:30:22.600 [restartedMain] INFO  o.s.d.r.config.RepositoryConfigurationDelegate - Bootstrapping Spring Data Elasticsearch repositories in DEFAULT mode.
2022-02-01 15:30:22.683 [restartedMain] INFO  o.s.d.r.config.RepositoryConfigurationDelegate - Finished Spring Data repository scanning in 77ms. Found 1 Elasticsearch repository interfaces.
2022-02-01 15:30:22.688 [restartedMain] INFO  o.s.d.r.config.RepositoryConfigurationDelegate - Multiple Spring Data modules found, entering strict repository configuration mode!
2022-02-01 15:30:22.689 [restartedMain] INFO  o.s.d.r.config.RepositoryConfigurationDelegate - Bootstrapping Spring Data Reactive Elasticsearch repositories in DEFAULT mode.
2022-02-01 15:30:22.698 [restartedMain] INFO  o.s.d.r.config.RepositoryConfigurationDelegate - Finished Spring Data repository scanning in 9ms. Found 0 Reactive Elasticsearch repository interfaces.
2022-02-01 15:30:22.707 [restartedMain] INFO  o.s.d.r.config.RepositoryConfigurationDelegate - Multiple Spring Data modules found, entering strict repository configuration mode!
2022-02-01 15:30:22.707 [restartedMain] INFO  o.s.d.r.config.RepositoryConfigurationDelegate - Bootstrapping Spring Data JPA repositories in DEFERRED mode.
2022-02-01 15:30:22.722 [restartedMain] INFO  o.s.d.r.c.RepositoryConfigurationExtensionSupport - Spring Data JPA - Could not safely identify store assignment for repository candidate interface com.springboot.springbootdemo.dao.es.EsBeanDao. If you want this repository to be a JPA repository, consider annotating your entities with one of these annotations: javax.persistence.Entity, javax.persistence.MappedSuperclass (preferred), or consider extending one of the following types with your repository: org.springframework.data.jpa.repository.JpaRepository.
2022-02-01 15:30:22.725 [restartedMain] INFO  o.s.d.r.config.RepositoryConfigurationDelegate - Finished Spring Data repository scanning in 13ms. Found 0 JPA repository interfaces.
2022-02-01 15:30:22.743 [restartedMain] INFO  o.s.d.r.config.RepositoryConfigurationDelegate - Multiple Spring Data modules found, entering strict repository configuration mode!
2022-02-01 15:30:22.744 [restartedMain] INFO  o.s.d.r.config.RepositoryConfigurationDelegate - Bootstrapping Spring Data Redis repositories in DEFAULT mode.
2022-02-01 15:30:22.761 [restartedMain] INFO  o.s.d.r.c.RepositoryConfigurationExtensionSupport - Spring Data Redis - Could not safely identify store assignment for repository candidate interface com.springboot.springbootdemo.dao.es.EsBeanDao. If you want this repository to be a Redis repository, consider annotating your entities with one of these annotations: org.springframework.data.redis.core.RedisHash (preferred), or consider extending one of the following types with your repository: org.springframework.data.keyvalue.repository.KeyValueRepository.
2022-02-01 15:30:22.761 [restartedMain] INFO  o.s.d.r.config.RepositoryConfigurationDelegate - Finished Spring Data repository scanning in 9ms. Found 0 Redis repository interfaces.
2022-02-01 15:30:23.599 [restartedMain] INFO  o.s.boot.web.embedded.tomcat.TomcatWebServer - Tomcat initialized with port(s): 8081 (http)
2022-02-01 15:30:23.608 [restartedMain] INFO  org.apache.coyote.http11.Http11NioProtocol - Initializing ProtocolHandler ["http-nio-8081"]
2022-02-01 15:30:23.609 [restartedMain] INFO  org.apache.catalina.core.StandardService - Starting service [Tomcat]
2022-02-01 15:30:23.609 [restartedMain] INFO  org.apache.catalina.core.StandardEngine - Starting Servlet engine: [Apache Tomcat/9.0.37]
2022-02-01 15:30:23.772 [restartedMain] INFO  o.a.c.c.C.[Tomcat].[localhost].[/share] - Initializing Spring embedded WebApplicationContext
2022-02-01 15:30:23.773 [restartedMain] INFO  o.s.b.w.s.c.ServletWebServerApplicationContext - Root WebApplicationContext: initialization completed in 1983 ms
2022-02-01 15:30:24.995 [restartedMain] WARN  org.springframework.data.convert.CustomConversions - Registering converter from class org.springframework.data.geo.Point to interface java.util.Map as writing converter although it doesn't convert to a store-supported type! You might want to check your annotation setup at the converter implementation.
2022-02-01 15:30:24.995 [restartedMain] WARN  org.springframework.data.convert.CustomConversions - Registering converter from interface java.util.Map to class org.springframework.data.geo.Point as reading converter although it doesn't convert from a store-supported type! You might want to check your annotation setup at the converter implementation.
2022-02-01 15:30:24.996 [restartedMain] WARN  org.springframework.data.convert.CustomConversions - Registering converter from class org.springframework.data.elasticsearch.core.geo.GeoPoint to interface java.util.Map as writing converter although it doesn't convert to a store-supported type! You might want to check your annotation setup at the converter implementation.
2022-02-01 15:30:24.996 [restartedMain] WARN  org.springframework.data.convert.CustomConversions - Registering converter from interface java.util.Map to class org.springframework.data.elasticsearch.core.geo.GeoPoint as reading converter although it doesn't convert from a store-supported type! You might want to check your annotation setup at the converter implementation.
2022-02-01 15:30:26.075 [restartedMain] INFO  o.s.data.elasticsearch.support.VersionInfo - Version Spring Data Elasticsearch: 4.0.2.RELEASE
2022-02-01 15:30:26.076 [restartedMain] INFO  o.s.data.elasticsearch.support.VersionInfo - Version Elasticsearch Client in build: 7.6.2
2022-02-01 15:30:26.076 [restartedMain] INFO  o.s.data.elasticsearch.support.VersionInfo - Version Elasticsearch Client used: 7.6.2
2022-02-01 15:30:26.179 [restartedMain] INFO  o.s.b.d.autoconfigure.OptionalLiveReloadServer - LiveReload server is running on port 35729
2022-02-01 15:30:27.213 [restartedMain] WARN  o.s.d.e.r.support.AbstractElasticsearchRepository - Cannot create index: Timeout connecting to [localhost/127.0.0.1:9200]; nested exception is java.lang.RuntimeException: Timeout connecting to [localhost/127.0.0.1:9200]
2022-02-01 15:30:27.600 [restartedMain] INFO  o.s.scheduling.concurrent.ThreadPoolTaskExecutor - Initializing ExecutorService 'applicationTaskExecutor'
2022-02-01 15:30:27.700 [restartedMain] INFO  o.s.b.a.web.servlet.WelcomePageHandlerMapping - Adding welcome page: class path resource [static/index.html]
2022-02-01 15:30:28.445 [restartedMain] INFO  org.apache.coyote.http11.Http11NioProtocol - Starting ProtocolHandler ["http-nio-8081"]
2022-02-01 15:30:28.461 [restartedMain] INFO  o.s.boot.web.embedded.tomcat.TomcatWebServer - Tomcat started on port(s): 8081 (http) with context path '/share'
2022-02-01 15:30:28.463 [restartedMain] INFO  o.s.a.rabbit.connection.CachingConnectionFactory - Attempting to connect to: [localhost:5672]
2022-02-01 15:30:28.502 [restartedMain] INFO  o.s.a.rabbit.connection.CachingConnectionFactory - Created new connection: rabbitConnectionFactory#5644e3ba:0/SimpleConnection@5f6cf2cb [delegate=amqp://guest@127.0.0.1:5672/, localPort= 57213]
2022-02-01 15:30:40.543 [restartedMain] INFO  o.s.a.r.listener.SimpleMessageListenerContainer - Broker not available; cannot force queue declarations during start: Error creating bean with name 'jpaMappingContext': Invocation of init method failed; nested exception is java.lang.IllegalArgumentException: JPA metamodel must not be empty!
2022-02-01 15:30:40.584 [restartedMain] INFO  o.s.d.r.c.DeferredRepositoryInitializationListener - Triggering deferred initialization of Spring Data repositories…
2022-02-01 15:30:40.585 [restartedMain] INFO  o.s.d.r.c.DeferredRepositoryInitializationListener - Spring Data repositories initialized!
2022-02-01 15:30:40.595 [restartedMain] INFO  c.s.springbootdemo.SpringbootdemoApplication - Started SpringbootdemoApplication in 19.436 seconds (JVM running for 20.363)
2022-02-01 15:30:40.597 [restartedMain] INFO  c.s.springbootdemo.SpringbootdemoApplication - ===============启动成功了===============
2022-02-01 15:30:44.376 [http-nio-8081-exec-1] INFO  o.a.c.c.C.[Tomcat].[localhost].[/share] - Initializing Spring DispatcherServlet 'dispatcherServlet'
2022-02-01 15:30:44.377 [http-nio-8081-exec-1] INFO  org.springframework.web.servlet.DispatcherServlet - Initializing Servlet 'dispatcherServlet'
2022-02-01 15:30:44.391 [http-nio-8081-exec-1] INFO  org.springframework.web.servlet.DispatcherServlet - Completed initialization in 14 ms
2022-02-01 16:10:15.698 [restartedMain] INFO  c.s.springbootdemo.SpringbootdemoApplication - Starting SpringbootdemoApplication on Jiang with PID 11612 (F:\workspace\java\SpringBootWorkSpace\target\classes started by Administrator in F:\workspace\java\SpringBootWorkSpace)
2022-02-01 16:10:15.700 [restartedMain] INFO  c.s.springbootdemo.SpringbootdemoApplication - No active profile set, falling back to default profiles: default
2022-02-01 16:10:15.758 [restartedMain] INFO  o.s.b.d.env.DevToolsPropertyDefaultsPostProcessor - Devtools property defaults active! Set 'spring.devtools.add-properties' to 'false' to disable
2022-02-01 16:10:15.759 [restartedMain] INFO  o.s.b.d.env.DevToolsPropertyDefaultsPostProcessor - For additional web related logging consider setting the 'logging.level.web' property to 'DEBUG'
2022-02-01 16:10:16.446 [restartedMain] WARN  org.mybatis.spring.mapper.ClassPathMapperScanner - Skipping MapperFactoryBean with name 'userDao' and 'com.springboot.springbootdemo.dao.db1.UserDao' mapperInterface. Bean already defined with the same name!
2022-02-01 16:10:16.446 [restartedMain] WARN  org.mybatis.spring.mapper.ClassPathMapperScanner - Skipping MapperFactoryBean with name 'departmentDao' and 'com.springboot.springbootdemo.dao.db2.DepartmentDao' mapperInterface. Bean already defined with the same name!
2022-02-01 16:10:16.653 [restartedMain] INFO  o.s.d.r.config.RepositoryConfigurationDelegate - Multiple Spring Data modules found, entering strict repository configuration mode!
2022-02-01 16:10:16.655 [restartedMain] INFO  o.s.d.r.config.RepositoryConfigurationDelegate - Bootstrapping Spring Data Elasticsearch repositories in DEFAULT mode.
2022-02-01 16:10:16.743 [restartedMain] INFO  o.s.d.r.config.RepositoryConfigurationDelegate - Finished Spring Data repository scanning in 82ms. Found 1 Elasticsearch repository interfaces.
2022-02-01 16:10:16.748 [restartedMain] INFO  o.s.d.r.config.RepositoryConfigurationDelegate - Multiple Spring Data modules found, entering strict repository configuration mode!
2022-02-01 16:10:16.749 [restartedMain] INFO  o.s.d.r.config.RepositoryConfigurationDelegate - Bootstrapping Spring Data Reactive Elasticsearch repositories in DEFAULT mode.
2022-02-01 16:10:16.759 [restartedMain] INFO  o.s.d.r.config.RepositoryConfigurationDelegate - Finished Spring Data repository scanning in 9ms. Found 0 Reactive Elasticsearch repository interfaces.
2022-02-01 16:10:16.769 [restartedMain] INFO  o.s.d.r.config.RepositoryConfigurationDelegate - Multiple Spring Data modules found, entering strict repository configuration mode!
2022-02-01 16:10:16.769 [restartedMain] INFO  o.s.d.r.config.RepositoryConfigurationDelegate - Bootstrapping Spring Data JPA repositories in DEFERRED mode.
2022-02-01 16:10:16.785 [restartedMain] INFO  o.s.d.r.c.RepositoryConfigurationExtensionSupport - Spring Data JPA - Could not safely identify store assignment for repository candidate interface com.springboot.springbootdemo.dao.es.EsBeanDao. If you want this repository to be a JPA repository, consider annotating your entities with one of these annotations: javax.persistence.Entity, javax.persistence.MappedSuperclass (preferred), or consider extending one of the following types with your repository: org.springframework.data.jpa.repository.JpaRepository.
2022-02-01 16:10:16.786 [restartedMain] INFO  o.s.d.r.config.RepositoryConfigurationDelegate - Finished Spring Data repository scanning in 13ms. Found 0 JPA repository interfaces.
2022-02-01 16:10:16.803 [restartedMain] INFO  o.s.d.r.config.RepositoryConfigurationDelegate - Multiple Spring Data modules found, entering strict repository configuration mode!
2022-02-01 16:10:16.804 [restartedMain] INFO  o.s.d.r.config.RepositoryConfigurationDelegate - Bootstrapping Spring Data Redis repositories in DEFAULT mode.
2022-02-01 16:10:16.821 [restartedMain] INFO  o.s.d.r.c.RepositoryConfigurationExtensionSupport - Spring Data Redis - Could not safely identify store assignment for repository candidate interface com.springboot.springbootdemo.dao.es.EsBeanDao. If you want this repository to be a Redis repository, consider annotating your entities with one of these annotations: org.springframework.data.redis.core.RedisHash (preferred), or consider extending one of the following types with your repository: org.springframework.data.keyvalue.repository.KeyValueRepository.
2022-02-01 16:10:16.822 [restartedMain] INFO  o.s.d.r.config.RepositoryConfigurationDelegate - Finished Spring Data repository scanning in 8ms. Found 0 Redis repository interfaces.
2022-02-01 16:10:17.763 [restartedMain] INFO  o.s.boot.web.embedded.tomcat.TomcatWebServer - Tomcat initialized with port(s): 8081 (http)
2022-02-01 16:10:17.772 [restartedMain] INFO  org.apache.coyote.http11.Http11NioProtocol - Initializing ProtocolHandler ["http-nio-8081"]
2022-02-01 16:10:17.773 [restartedMain] INFO  org.apache.catalina.core.StandardService - Starting service [Tomcat]
2022-02-01 16:10:17.773 [restartedMain] INFO  org.apache.catalina.core.StandardEngine - Starting Servlet engine: [Apache Tomcat/9.0.37]
2022-02-01 16:10:17.943 [restartedMain] INFO  o.a.c.c.C.[Tomcat].[localhost].[/share] - Initializing Spring embedded WebApplicationContext
2022-02-01 16:10:17.943 [restartedMain] INFO  o.s.b.w.s.c.ServletWebServerApplicationContext - Root WebApplicationContext: initialization completed in 2184 ms
2022-02-01 16:10:19.275 [restartedMain] WARN  org.springframework.data.convert.CustomConversions - Registering converter from class org.springframework.data.geo.Point to interface java.util.Map as writing converter although it doesn't convert to a store-supported type! You might want to check your annotation setup at the converter implementation.
2022-02-01 16:10:19.275 [restartedMain] WARN  org.springframework.data.convert.CustomConversions - Registering converter from interface java.util.Map to class org.springframework.data.geo.Point as reading converter although it doesn't convert from a store-supported type! You might want to check your annotation setup at the converter implementation.
2022-02-01 16:10:19.275 [restartedMain] WARN  org.springframework.data.convert.CustomConversions - Registering converter from class org.springframework.data.elasticsearch.core.geo.GeoPoint to interface java.util.Map as writing converter although it doesn't convert to a store-supported type! You might want to check your annotation setup at the converter implementation.
2022-02-01 16:10:19.275 [restartedMain] WARN  org.springframework.data.convert.CustomConversions - Registering converter from interface java.util.Map to class org.springframework.data.elasticsearch.core.geo.GeoPoint as reading converter although it doesn't convert from a store-supported type! You might want to check your annotation setup at the converter implementation.
2022-02-01 16:10:20.372 [restartedMain] INFO  o.s.data.elasticsearch.support.VersionInfo - Version Spring Data Elasticsearch: 4.0.2.RELEASE
2022-02-01 16:10:20.372 [restartedMain] INFO  o.s.data.elasticsearch.support.VersionInfo - Version Elasticsearch Client in build: 7.6.2
2022-02-01 16:10:20.372 [restartedMain] INFO  o.s.data.elasticsearch.support.VersionInfo - Version Elasticsearch Client used: 7.6.2
2022-02-01 16:10:20.477 [restartedMain] INFO  o.s.b.d.autoconfigure.OptionalLiveReloadServer - LiveReload server is running on port 35729
2022-02-01 16:10:22.517 [restartedMain] WARN  o.s.d.e.r.support.AbstractElasticsearchRepository - Cannot create index: Timeout connecting to [localhost/127.0.0.1:9200]; nested exception is java.lang.RuntimeException: Timeout connecting to [localhost/127.0.0.1:9200]
2022-02-01 16:10:22.588 [restartedMain] WARN  o.s.b.w.s.c.AnnotationConfigServletWebServerApplicationContext - Exception encountered during context initialization - cancelling refresh attempt: org.springframework.beans.factory.BeanCreationException: Error creating bean with name 'sceduleController' defined in file [F:\workspace\java\SpringBootWorkSpace\target\classes\com\springboot\springbootdemo\controller\schedule\SceduleController.class]: Initialization of bean failed; nested exception is java.lang.IllegalStateException: Encountered invalid @Scheduled method 'say': 'initialDelay' not supported for cron triggers
2022-02-01 16:10:22.611 [restartedMain] INFO  org.apache.catalina.core.StandardService - Stopping service [Tomcat]
2022-02-01 16:10:22.622 [restartedMain] INFO  o.s.b.a.l.ConditionEvaluationReportLoggingListener - 

Error starting ApplicationContext. To display the conditions report re-run your application with 'debug' enabled.
2022-02-01 16:10:22.636 [restartedMain] ERROR org.springframework.boot.SpringApplication - Application run failed
org.springframework.beans.factory.BeanCreationException: Error creating bean with name 'sceduleController' defined in file [F:\workspace\java\SpringBootWorkSpace\target\classes\com\springboot\springbootdemo\controller\schedule\SceduleController.class]: Initialization of bean failed; nested exception is java.lang.IllegalStateException: Encountered invalid @Scheduled method 'say': 'initialDelay' not supported for cron triggers
	at org.springframework.beans.factory.support.AbstractAutowireCapableBeanFactory.doCreateBean(AbstractAutowireCapableBeanFactory.java:602)
	at org.springframework.beans.factory.support.AbstractAutowireCapableBeanFactory.createBean(AbstractAutowireCapableBeanFactory.java:516)
	at org.springframework.beans.factory.support.AbstractBeanFactory.lambda$doGetBean$0(AbstractBeanFactory.java:324)
	at org.springframework.beans.factory.support.AbstractBeanFactory$$Lambda$189/846486539.getObject(Unknown Source)
	at org.springframework.beans.factory.support.DefaultSingletonBeanRegistry.getSingleton(DefaultSingletonBeanRegistry.java:226)
	at org.springframework.beans.factory.support.AbstractBeanFactory.doGetBean(AbstractBeanFactory.java:322)
	at org.springframework.beans.factory.support.AbstractBeanFactory.getBean(AbstractBeanFactory.java:202)
	at org.springframework.beans.factory.support.DefaultListableBeanFactory.preInstantiateSingletons(DefaultListableBeanFactory.java:897)
	at org.springframework.context.support.AbstractApplicationContext.finishBeanFactoryInitialization(AbstractApplicationContext.java:879)
	at org.springframework.context.support.AbstractApplicationContext.refresh(AbstractApplicationContext.java:551)
	at org.springframework.boot.web.servlet.context.ServletWebServerApplicationContext.refresh(ServletWebServerApplicationContext.java:143)
	at org.springframework.boot.SpringApplication.refresh(SpringApplication.java:758)
	at org.springframework.boot.SpringApplication.refresh(SpringApplication.java:750)
	at org.springframework.boot.SpringApplication.refreshContext(SpringApplication.java:397)
	at org.springframework.boot.SpringApplication.run(SpringApplication.java:315)
	at org.springframework.boot.SpringApplication.run(SpringApplication.java:1237)
	at org.springframework.boot.SpringApplication.run(SpringApplication.java:1226)
	at com.springboot.springbootdemo.SpringbootdemoApplication.main(SpringbootdemoApplication.java:41)
	at sun.reflect.NativeMethodAccessorImpl.invoke0(Native Method)
	at sun.reflect.NativeMethodAccessorImpl.invoke(NativeMethodAccessorImpl.java:62)
	at sun.reflect.DelegatingMethodAccessorImpl.invoke(DelegatingMethodAccessorImpl.java:43)
	at java.lang.reflect.Method.invoke(Method.java:483)
	at org.springframework.boot.devtools.restart.RestartLauncher.run(RestartLauncher.java:49)
Caused by: java.lang.IllegalStateException: Encountered invalid @Scheduled method 'say': 'initialDelay' not supported for cron triggers
	at org.springframework.scheduling.annotation.ScheduledAnnotationBeanPostProcessor.processScheduled(ScheduledAnnotationBeanPostProcessor.java:511)
	at org.springframework.scheduling.annotation.ScheduledAnnotationBeanPostProcessor.lambda$null$1(ScheduledAnnotationBeanPostProcessor.java:374)
	at org.springframework.scheduling.annotation.ScheduledAnnotationBeanPostProcessor$$Lambda$952/1637457826.accept(Unknown Source)
	at java.lang.Iterable.forEach(Iterable.java:75)
	at org.springframework.scheduling.annotation.ScheduledAnnotationBeanPostProcessor.lambda$postProcessAfterInitialization$2(ScheduledAnnotationBeanPostProcessor.java:374)
	at org.springframework.scheduling.annotation.ScheduledAnnotationBeanPostProcessor$$Lambda$951/1686949737.accept(Unknown Source)
	at java.util.LinkedHashMap.forEach(LinkedHashMap.java:676)
	at org.springframework.scheduling.annotation.ScheduledAnnotationBeanPostProcessor.postProcessAfterInitialization(ScheduledAnnotationBeanPostProcessor.java:373)
	at org.springframework.beans.factory.support.AbstractAutowireCapableBeanFactory.applyBeanPostProcessorsAfterInitialization(AbstractAutowireCapableBeanFactory.java:430)
	at org.springframework.beans.factory.support.AbstractAutowireCapableBeanFactory.initializeBean(AbstractAutowireCapableBeanFactory.java:1798)
	at org.springframework.beans.factory.support.AbstractAutowireCapableBeanFactory.doCreateBean(AbstractAutowireCapableBeanFactory.java:594)
	... 22 common frames omitted
2022-02-01 16:10:46.780 [restartedMain] INFO  c.s.springbootdemo.SpringbootdemoApplication - Starting SpringbootdemoApplication on Jiang with PID 2240 (F:\workspace\java\SpringBootWorkSpace\target\classes started by Administrator in F:\workspace\java\SpringBootWorkSpace)
2022-02-01 16:10:46.781 [restartedMain] INFO  c.s.springbootdemo.SpringbootdemoApplication - No active profile set, falling back to default profiles: default
2022-02-01 16:10:46.842 [restartedMain] INFO  o.s.b.d.env.DevToolsPropertyDefaultsPostProcessor - Devtools property defaults active! Set 'spring.devtools.add-properties' to 'false' to disable
2022-02-01 16:10:46.842 [restartedMain] INFO  o.s.b.d.env.DevToolsPropertyDefaultsPostProcessor - For additional web related logging consider setting the 'logging.level.web' property to 'DEBUG'
2022-02-01 16:10:47.541 [restartedMain] WARN  org.mybatis.spring.mapper.ClassPathMapperScanner - Skipping MapperFactoryBean with name 'userDao' and 'com.springboot.springbootdemo.dao.db1.UserDao' mapperInterface. Bean already defined with the same name!
2022-02-01 16:10:47.541 [restartedMain] WARN  org.mybatis.spring.mapper.ClassPathMapperScanner - Skipping MapperFactoryBean with name 'departmentDao' and 'com.springboot.springbootdemo.dao.db2.DepartmentDao' mapperInterface. Bean already defined with the same name!
2022-02-01 16:10:47.766 [restartedMain] INFO  o.s.d.r.config.RepositoryConfigurationDelegate - Multiple Spring Data modules found, entering strict repository configuration mode!
2022-02-01 16:10:47.768 [restartedMain] INFO  o.s.d.r.config.RepositoryConfigurationDelegate - Bootstrapping Spring Data Elasticsearch repositories in DEFAULT mode.
2022-02-01 16:10:47.848 [restartedMain] INFO  o.s.d.r.config.RepositoryConfigurationDelegate - Finished Spring Data repository scanning in 75ms. Found 1 Elasticsearch repository interfaces.
2022-02-01 16:10:47.853 [restartedMain] INFO  o.s.d.r.config.RepositoryConfigurationDelegate - Multiple Spring Data modules found, entering strict repository configuration mode!
2022-02-01 16:10:47.854 [restartedMain] INFO  o.s.d.r.config.RepositoryConfigurationDelegate - Bootstrapping Spring Data Reactive Elasticsearch repositories in DEFAULT mode.
2022-02-01 16:10:47.863 [restartedMain] INFO  o.s.d.r.config.RepositoryConfigurationDelegate - Finished Spring Data repository scanning in 9ms. Found 0 Reactive Elasticsearch repository interfaces.
2022-02-01 16:10:47.872 [restartedMain] INFO  o.s.d.r.config.RepositoryConfigurationDelegate - Multiple Spring Data modules found, entering strict repository configuration mode!
2022-02-01 16:10:47.873 [restartedMain] INFO  o.s.d.r.config.RepositoryConfigurationDelegate - Bootstrapping Spring Data JPA repositories in DEFERRED mode.
2022-02-01 16:10:47.888 [restartedMain] INFO  o.s.d.r.c.RepositoryConfigurationExtensionSupport - Spring Data JPA - Could not safely identify store assignment for repository candidate interface com.springboot.springbootdemo.dao.es.EsBeanDao. If you want this repository to be a JPA repository, consider annotating your entities with one of these annotations: javax.persistence.Entity, javax.persistence.MappedSuperclass (preferred), or consider extending one of the following types with your repository: org.springframework.data.jpa.repository.JpaRepository.
2022-02-01 16:10:47.889 [restartedMain] INFO  o.s.d.r.config.RepositoryConfigurationDelegate - Finished Spring Data repository scanning in 12ms. Found 0 JPA repository interfaces.
2022-02-01 16:10:47.905 [restartedMain] INFO  o.s.d.r.config.RepositoryConfigurationDelegate - Multiple Spring Data modules found, entering strict repository configuration mode!
2022-02-01 16:10:47.906 [restartedMain] INFO  o.s.d.r.config.RepositoryConfigurationDelegate - Bootstrapping Spring Data Redis repositories in DEFAULT mode.
2022-02-01 16:10:47.923 [restartedMain] INFO  o.s.d.r.c.RepositoryConfigurationExtensionSupport - Spring Data Redis - Could not safely identify store assignment for repository candidate interface com.springboot.springbootdemo.dao.es.EsBeanDao. If you want this repository to be a Redis repository, consider annotating your entities with one of these annotations: org.springframework.data.redis.core.RedisHash (preferred), or consider extending one of the following types with your repository: org.springframework.data.keyvalue.repository.KeyValueRepository.
2022-02-01 16:10:47.923 [restartedMain] INFO  o.s.d.r.config.RepositoryConfigurationDelegate - Finished Spring Data repository scanning in 9ms. Found 0 Redis repository interfaces.
2022-02-01 16:10:48.836 [restartedMain] INFO  o.s.boot.web.embedded.tomcat.TomcatWebServer - Tomcat initialized with port(s): 8081 (http)
2022-02-01 16:10:48.846 [restartedMain] INFO  org.apache.coyote.http11.Http11NioProtocol - Initializing ProtocolHandler ["http-nio-8081"]
2022-02-01 16:10:48.847 [restartedMain] INFO  org.apache.catalina.core.StandardService - Starting service [Tomcat]
2022-02-01 16:10:48.847 [restartedMain] INFO  org.apache.catalina.core.StandardEngine - Starting Servlet engine: [Apache Tomcat/9.0.37]
2022-02-01 16:10:49.045 [restartedMain] INFO  o.a.c.c.C.[Tomcat].[localhost].[/share] - Initializing Spring embedded WebApplicationContext
2022-02-01 16:10:49.045 [restartedMain] INFO  o.s.b.w.s.c.ServletWebServerApplicationContext - Root WebApplicationContext: initialization completed in 2202 ms
2022-02-01 16:10:50.352 [restartedMain] WARN  org.springframework.data.convert.CustomConversions - Registering converter from class org.springframework.data.geo.Point to interface java.util.Map as writing converter although it doesn't convert to a store-supported type! You might want to check your annotation setup at the converter implementation.
2022-02-01 16:10:50.352 [restartedMain] WARN  org.springframework.data.convert.CustomConversions - Registering converter from interface java.util.Map to class org.springframework.data.geo.Point as reading converter although it doesn't convert from a store-supported type! You might want to check your annotation setup at the converter implementation.
2022-02-01 16:10:50.352 [restartedMain] WARN  org.springframework.data.convert.CustomConversions - Registering converter from class org.springframework.data.elasticsearch.core.geo.GeoPoint to interface java.util.Map as writing converter although it doesn't convert to a store-supported type! You might want to check your annotation setup at the converter implementation.
2022-02-01 16:10:50.352 [restartedMain] WARN  org.springframework.data.convert.CustomConversions - Registering converter from interface java.util.Map to class org.springframework.data.elasticsearch.core.geo.GeoPoint as reading converter although it doesn't convert from a store-supported type! You might want to check your annotation setup at the converter implementation.
2022-02-01 16:10:51.448 [restartedMain] INFO  o.s.data.elasticsearch.support.VersionInfo - Version Spring Data Elasticsearch: 4.0.2.RELEASE
2022-02-01 16:10:51.448 [restartedMain] INFO  o.s.data.elasticsearch.support.VersionInfo - Version Elasticsearch Client in build: 7.6.2
2022-02-01 16:10:51.448 [restartedMain] INFO  o.s.data.elasticsearch.support.VersionInfo - Version Elasticsearch Client used: 7.6.2
2022-02-01 16:10:51.567 [restartedMain] INFO  o.s.b.d.autoconfigure.OptionalLiveReloadServer - LiveReload server is running on port 35729
2022-02-01 16:10:52.602 [restartedMain] WARN  o.s.d.e.r.support.AbstractElasticsearchRepository - Cannot create index: Timeout connecting to [localhost/127.0.0.1:9200]; nested exception is java.lang.RuntimeException: Timeout connecting to [localhost/127.0.0.1:9200]
2022-02-01 16:10:53.064 [restartedMain] INFO  o.s.scheduling.concurrent.ThreadPoolTaskExecutor - Initializing ExecutorService 'applicationTaskExecutor'
2022-02-01 16:10:53.198 [restartedMain] INFO  o.s.b.a.web.servlet.WelcomePageHandlerMapping - Adding welcome page: class path resource [static/index.html]
2022-02-01 16:10:53.743 [restartedMain] INFO  o.s.scheduling.concurrent.ThreadPoolTaskScheduler - Initializing ExecutorService 'taskScheduler'
2022-02-01 16:10:53.988 [restartedMain] INFO  org.apache.coyote.http11.Http11NioProtocol - Starting ProtocolHandler ["http-nio-8081"]
2022-02-01 16:10:54.004 [restartedMain] INFO  o.s.boot.web.embedded.tomcat.TomcatWebServer - Tomcat started on port(s): 8081 (http) with context path '/share'
2022-02-01 16:10:54.006 [restartedMain] INFO  o.s.a.rabbit.connection.CachingConnectionFactory - Attempting to connect to: [localhost:5672]
2022-02-01 16:10:54.038 [restartedMain] INFO  o.s.a.rabbit.connection.CachingConnectionFactory - Created new connection: rabbitConnectionFactory#3963d050:0/SimpleConnection@63fe6e0b [delegate=amqp://guest@127.0.0.1:5672/, localPort= 56336]
2022-02-01 16:11:06.085 [restartedMain] INFO  o.s.a.r.listener.SimpleMessageListenerContainer - Broker not available; cannot force queue declarations during start: Error creating bean with name 'jpaMappingContext': Invocation of init method failed; nested exception is java.lang.IllegalArgumentException: JPA metamodel must not be empty!
2022-02-01 16:11:06.152 [restartedMain] INFO  o.s.d.r.c.DeferredRepositoryInitializationListener - Triggering deferred initialization of Spring Data repositories…
2022-02-01 16:11:06.153 [restartedMain] INFO  o.s.d.r.c.DeferredRepositoryInitializationListener - Spring Data repositories initialized!
2022-02-01 16:11:06.165 [restartedMain] INFO  c.s.springbootdemo.SpringbootdemoApplication - Started SpringbootdemoApplication in 20.065 seconds (JVM running for 21.063)
2022-02-01 16:11:06.167 [restartedMain] INFO  c.s.springbootdemo.SpringbootdemoApplication - ===============启动成功了===============
2022-02-01 16:11:38.138 [restartedMain] INFO  c.s.springbootdemo.SpringbootdemoApplication - Starting SpringbootdemoApplication on Jiang with PID 3460 (F:\workspace\java\SpringBootWorkSpace\target\classes started by Administrator in F:\workspace\java\SpringBootWorkSpace)
2022-02-01 16:11:38.139 [restartedMain] INFO  c.s.springbootdemo.SpringbootdemoApplication - No active profile set, falling back to default profiles: default
2022-02-01 16:11:38.199 [restartedMain] INFO  o.s.b.d.env.DevToolsPropertyDefaultsPostProcessor - Devtools property defaults active! Set 'spring.devtools.add-properties' to 'false' to disable
2022-02-01 16:11:38.200 [restartedMain] INFO  o.s.b.d.env.DevToolsPropertyDefaultsPostProcessor - For additional web related logging consider setting the 'logging.level.web' property to 'DEBUG'
2022-02-01 16:11:38.903 [restartedMain] WARN  org.mybatis.spring.mapper.ClassPathMapperScanner - Skipping MapperFactoryBean with name 'userDao' and 'com.springboot.springbootdemo.dao.db1.UserDao' mapperInterface. Bean already defined with the same name!
2022-02-01 16:11:38.903 [restartedMain] WARN  org.mybatis.spring.mapper.ClassPathMapperScanner - Skipping MapperFactoryBean with name 'departmentDao' and 'com.springboot.springbootdemo.dao.db2.DepartmentDao' mapperInterface. Bean already defined with the same name!
2022-02-01 16:11:39.106 [restartedMain] INFO  o.s.d.r.config.RepositoryConfigurationDelegate - Multiple Spring Data modules found, entering strict repository configuration mode!
2022-02-01 16:11:39.108 [restartedMain] INFO  o.s.d.r.config.RepositoryConfigurationDelegate - Bootstrapping Spring Data Elasticsearch repositories in DEFAULT mode.
2022-02-01 16:11:39.190 [restartedMain] INFO  o.s.d.r.config.RepositoryConfigurationDelegate - Finished Spring Data repository scanning in 77ms. Found 1 Elasticsearch repository interfaces.
2022-02-01 16:11:39.195 [restartedMain] INFO  o.s.d.r.config.RepositoryConfigurationDelegate - Multiple Spring Data modules found, entering strict repository configuration mode!
2022-02-01 16:11:39.196 [restartedMain] INFO  o.s.d.r.config.RepositoryConfigurationDelegate - Bootstrapping Spring Data Reactive Elasticsearch repositories in DEFAULT mode.
2022-02-01 16:11:39.205 [restartedMain] INFO  o.s.d.r.config.RepositoryConfigurationDelegate - Finished Spring Data repository scanning in 9ms. Found 0 Reactive Elasticsearch repository interfaces.
2022-02-01 16:11:39.215 [restartedMain] INFO  o.s.d.r.config.RepositoryConfigurationDelegate - Multiple Spring Data modules found, entering strict repository configuration mode!
2022-02-01 16:11:39.215 [restartedMain] INFO  o.s.d.r.config.RepositoryConfigurationDelegate - Bootstrapping Spring Data JPA repositories in DEFERRED mode.
2022-02-01 16:11:39.233 [restartedMain] INFO  o.s.d.r.c.RepositoryConfigurationExtensionSupport - Spring Data JPA - Could not safely identify store assignment for repository candidate interface com.springboot.springbootdemo.dao.es.EsBeanDao. If you want this repository to be a JPA repository, consider annotating your entities with one of these annotations: javax.persistence.Entity, javax.persistence.MappedSuperclass (preferred), or consider extending one of the following types with your repository: org.springframework.data.jpa.repository.JpaRepository.
2022-02-01 16:11:39.234 [restartedMain] INFO  o.s.d.r.config.RepositoryConfigurationDelegate - Finished Spring Data repository scanning in 15ms. Found 0 JPA repository interfaces.
2022-02-01 16:11:39.251 [restartedMain] INFO  o.s.d.r.config.RepositoryConfigurationDelegate - Multiple Spring Data modules found, entering strict repository configuration mode!
2022-02-01 16:11:39.252 [restartedMain] INFO  o.s.d.r.config.RepositoryConfigurationDelegate - Bootstrapping Spring Data Redis repositories in DEFAULT mode.
2022-02-01 16:11:39.270 [restartedMain] INFO  o.s.d.r.c.RepositoryConfigurationExtensionSupport - Spring Data Redis - Could not safely identify store assignment for repository candidate interface com.springboot.springbootdemo.dao.es.EsBeanDao. If you want this repository to be a Redis repository, consider annotating your entities with one of these annotations: org.springframework.data.redis.core.RedisHash (preferred), or consider extending one of the following types with your repository: org.springframework.data.keyvalue.repository.KeyValueRepository.
2022-02-01 16:11:39.271 [restartedMain] INFO  o.s.d.r.config.RepositoryConfigurationDelegate - Finished Spring Data repository scanning in 9ms. Found 0 Redis repository interfaces.
2022-02-01 16:11:40.188 [restartedMain] INFO  o.s.boot.web.embedded.tomcat.TomcatWebServer - Tomcat initialized with port(s): 8081 (http)
2022-02-01 16:11:40.197 [restartedMain] INFO  org.apache.coyote.http11.Http11NioProtocol - Initializing ProtocolHandler ["http-nio-8081"]
2022-02-01 16:11:40.198 [restartedMain] INFO  org.apache.catalina.core.StandardService - Starting service [Tomcat]
2022-02-01 16:11:40.198 [restartedMain] INFO  org.apache.catalina.core.StandardEngine - Starting Servlet engine: [Apache Tomcat/9.0.37]
2022-02-01 16:11:40.365 [restartedMain] INFO  o.a.c.c.C.[Tomcat].[localhost].[/share] - Initializing Spring embedded WebApplicationContext
2022-02-01 16:11:40.366 [restartedMain] INFO  o.s.b.w.s.c.ServletWebServerApplicationContext - Root WebApplicationContext: initialization completed in 2166 ms
2022-02-01 16:11:41.694 [restartedMain] WARN  org.springframework.data.convert.CustomConversions - Registering converter from class org.springframework.data.geo.Point to interface java.util.Map as writing converter although it doesn't convert to a store-supported type! You might want to check your annotation setup at the converter implementation.
2022-02-01 16:11:41.694 [restartedMain] WARN  org.springframework.data.convert.CustomConversions - Registering converter from interface java.util.Map to class org.springframework.data.geo.Point as reading converter although it doesn't convert from a store-supported type! You might want to check your annotation setup at the converter implementation.
2022-02-01 16:11:41.694 [restartedMain] WARN  org.springframework.data.convert.CustomConversions - Registering converter from class org.springframework.data.elasticsearch.core.geo.GeoPoint to interface java.util.Map as writing converter although it doesn't convert to a store-supported type! You might want to check your annotation setup at the converter implementation.
2022-02-01 16:11:41.694 [restartedMain] WARN  org.springframework.data.convert.CustomConversions - Registering converter from interface java.util.Map to class org.springframework.data.elasticsearch.core.geo.GeoPoint as reading converter although it doesn't convert from a store-supported type! You might want to check your annotation setup at the converter implementation.
2022-02-01 16:11:42.784 [restartedMain] INFO  o.s.data.elasticsearch.support.VersionInfo - Version Spring Data Elasticsearch: 4.0.2.RELEASE
2022-02-01 16:11:42.784 [restartedMain] INFO  o.s.data.elasticsearch.support.VersionInfo - Version Elasticsearch Client in build: 7.6.2
2022-02-01 16:11:42.784 [restartedMain] INFO  o.s.data.elasticsearch.support.VersionInfo - Version Elasticsearch Client used: 7.6.2
2022-02-01 16:11:42.897 [restartedMain] INFO  o.s.b.d.autoconfigure.OptionalLiveReloadServer - LiveReload server is running on port 35729
2022-02-01 16:11:43.933 [restartedMain] WARN  o.s.d.e.r.support.AbstractElasticsearchRepository - Cannot create index: Timeout connecting to [localhost/127.0.0.1:9200]; nested exception is java.lang.RuntimeException: Timeout connecting to [localhost/127.0.0.1:9200]
2022-02-01 16:11:44.363 [restartedMain] INFO  o.s.scheduling.concurrent.ThreadPoolTaskExecutor - Initializing ExecutorService 'applicationTaskExecutor'
2022-02-01 16:11:44.475 [restartedMain] INFO  o.s.b.a.web.servlet.WelcomePageHandlerMapping - Adding welcome page: class path resource [static/index.html]
2022-02-01 16:11:45.024 [restartedMain] INFO  o.s.scheduling.concurrent.ThreadPoolTaskScheduler - Initializing ExecutorService 'taskScheduler'
2022-02-01 16:11:45.304 [restartedMain] INFO  org.apache.coyote.http11.Http11NioProtocol - Starting ProtocolHandler ["http-nio-8081"]
2022-02-01 16:11:45.320 [restartedMain] INFO  o.s.boot.web.embedded.tomcat.TomcatWebServer - Tomcat started on port(s): 8081 (http) with context path '/share'
2022-02-01 16:11:45.322 [restartedMain] INFO  o.s.a.rabbit.connection.CachingConnectionFactory - Attempting to connect to: [localhost:5672]
2022-02-01 16:11:45.356 [restartedMain] INFO  o.s.a.rabbit.connection.CachingConnectionFactory - Created new connection: rabbitConnectionFactory#13311cf4:0/SimpleConnection@3e1171c3 [delegate=amqp://guest@127.0.0.1:5672/, localPort= 56456]
2022-02-01 16:11:57.388 [restartedMain] INFO  o.s.a.r.listener.SimpleMessageListenerContainer - Broker not available; cannot force queue declarations during start: Error creating bean with name 'jpaMappingContext': Invocation of init method failed; nested exception is java.lang.IllegalArgumentException: JPA metamodel must not be empty!
2022-02-01 16:11:57.452 [restartedMain] INFO  o.s.d.r.c.DeferredRepositoryInitializationListener - Triggering deferred initialization of Spring Data repositories…
2022-02-01 16:11:57.453 [restartedMain] INFO  o.s.d.r.c.DeferredRepositoryInitializationListener - Spring Data repositories initialized!
2022-02-01 16:11:57.466 [restartedMain] INFO  c.s.springbootdemo.SpringbootdemoApplication - Started SpringbootdemoApplication in 20.006 seconds (JVM running for 20.992)
2022-02-01 16:11:57.469 [restartedMain] INFO  c.s.springbootdemo.SpringbootdemoApplication - ===============启动成功了===============
2022-02-01 16:12:26.027 [http-nio-8081-exec-1] INFO  o.a.c.c.C.[Tomcat].[localhost].[/share] - Initializing Spring DispatcherServlet 'dispatcherServlet'
2022-02-01 16:12:26.028 [http-nio-8081-exec-1] INFO  org.springframework.web.servlet.DispatcherServlet - Initializing Servlet 'dispatcherServlet'
2022-02-01 16:12:26.040 [http-nio-8081-exec-1] INFO  org.springframework.web.servlet.DispatcherServlet - Completed initialization in 12 ms
2022-02-01 16:17:11.395 [restartedMain] INFO  c.s.springbootdemo.SpringbootdemoApplication - Starting SpringbootdemoApplication on Jiang with PID 8068 (F:\workspace\java\SpringBootWorkSpace\target\classes started by Administrator in F:\workspace\java\SpringBootWorkSpace)
2022-02-01 16:17:11.396 [restartedMain] INFO  c.s.springbootdemo.SpringbootdemoApplication - No active profile set, falling back to default profiles: default
2022-02-01 16:17:11.463 [restartedMain] INFO  o.s.b.d.env.DevToolsPropertyDefaultsPostProcessor - Devtools property defaults active! Set 'spring.devtools.add-properties' to 'false' to disable
2022-02-01 16:17:11.464 [restartedMain] INFO  o.s.b.d.env.DevToolsPropertyDefaultsPostProcessor - For additional web related logging consider setting the 'logging.level.web' property to 'DEBUG'
2022-02-01 16:17:12.162 [restartedMain] WARN  org.mybatis.spring.mapper.ClassPathMapperScanner - Skipping MapperFactoryBean with name 'userDao' and 'com.springboot.springbootdemo.dao.db1.UserDao' mapperInterface. Bean already defined with the same name!
2022-02-01 16:17:12.162 [restartedMain] WARN  org.mybatis.spring.mapper.ClassPathMapperScanner - Skipping MapperFactoryBean with name 'departmentDao' and 'com.springboot.springbootdemo.dao.db2.DepartmentDao' mapperInterface. Bean already defined with the same name!
2022-02-01 16:17:12.369 [restartedMain] INFO  o.s.d.r.config.RepositoryConfigurationDelegate - Multiple Spring Data modules found, entering strict repository configuration mode!
2022-02-01 16:17:12.371 [restartedMain] INFO  o.s.d.r.config.RepositoryConfigurationDelegate - Bootstrapping Spring Data Elasticsearch repositories in DEFAULT mode.
2022-02-01 16:17:12.455 [restartedMain] INFO  o.s.d.r.config.RepositoryConfigurationDelegate - Finished Spring Data repository scanning in 80ms. Found 1 Elasticsearch repository interfaces.
2022-02-01 16:17:12.461 [restartedMain] INFO  o.s.d.r.config.RepositoryConfigurationDelegate - Multiple Spring Data modules found, entering strict repository configuration mode!
2022-02-01 16:17:12.462 [restartedMain] INFO  o.s.d.r.config.RepositoryConfigurationDelegate - Bootstrapping Spring Data Reactive Elasticsearch repositories in DEFAULT mode.
2022-02-01 16:17:12.472 [restartedMain] INFO  o.s.d.r.config.RepositoryConfigurationDelegate - Finished Spring Data repository scanning in 9ms. Found 0 Reactive Elasticsearch repository interfaces.
2022-02-01 16:17:12.482 [restartedMain] INFO  o.s.d.r.config.RepositoryConfigurationDelegate - Multiple Spring Data modules found, entering strict repository configuration mode!
2022-02-01 16:17:12.482 [restartedMain] INFO  o.s.d.r.config.RepositoryConfigurationDelegate - Bootstrapping Spring Data JPA repositories in DEFERRED mode.
2022-02-01 16:17:12.498 [restartedMain] INFO  o.s.d.r.c.RepositoryConfigurationExtensionSupport - Spring Data JPA - Could not safely identify store assignment for repository candidate interface com.springboot.springbootdemo.dao.es.EsBeanDao. If you want this repository to be a JPA repository, consider annotating your entities with one of these annotations: javax.persistence.Entity, javax.persistence.MappedSuperclass (preferred), or consider extending one of the following types with your repository: org.springframework.data.jpa.repository.JpaRepository.
2022-02-01 16:17:12.502 [restartedMain] INFO  o.s.d.r.config.RepositoryConfigurationDelegate - Finished Spring Data repository scanning in 15ms. Found 0 JPA repository interfaces.
2022-02-01 16:17:12.521 [restartedMain] INFO  o.s.d.r.config.RepositoryConfigurationDelegate - Multiple Spring Data modules found, entering strict repository configuration mode!
2022-02-01 16:17:12.522 [restartedMain] INFO  o.s.d.r.config.RepositoryConfigurationDelegate - Bootstrapping Spring Data Redis repositories in DEFAULT mode.
2022-02-01 16:17:12.540 [restartedMain] INFO  o.s.d.r.c.RepositoryConfigurationExtensionSupport - Spring Data Redis - Could not safely identify store assignment for repository candidate interface com.springboot.springbootdemo.dao.es.EsBeanDao. If you want this repository to be a Redis repository, consider annotating your entities with one of these annotations: org.springframework.data.redis.core.RedisHash (preferred), or consider extending one of the following types with your repository: org.springframework.data.keyvalue.repository.KeyValueRepository.
2022-02-01 16:17:12.540 [restartedMain] INFO  o.s.d.r.config.RepositoryConfigurationDelegate - Finished Spring Data repository scanning in 9ms. Found 0 Redis repository interfaces.
2022-02-01 16:17:13.467 [restartedMain] INFO  o.s.boot.web.embedded.tomcat.TomcatWebServer - Tomcat initialized with port(s): 8081 (http)
2022-02-01 16:17:13.478 [restartedMain] INFO  org.apache.coyote.http11.Http11NioProtocol - Initializing ProtocolHandler ["http-nio-8081"]
2022-02-01 16:17:13.479 [restartedMain] INFO  org.apache.catalina.core.StandardService - Starting service [Tomcat]
2022-02-01 16:17:13.479 [restartedMain] INFO  org.apache.catalina.core.StandardEngine - Starting Servlet engine: [Apache Tomcat/9.0.37]
2022-02-01 16:17:13.660 [restartedMain] INFO  o.a.c.c.C.[Tomcat].[localhost].[/share] - Initializing Spring embedded WebApplicationContext
2022-02-01 16:17:13.660 [restartedMain] INFO  o.s.b.w.s.c.ServletWebServerApplicationContext - Root WebApplicationContext: initialization completed in 2196 ms
2022-02-01 16:17:15.364 [restartedMain] WARN  org.springframework.data.convert.CustomConversions - Registering converter from class org.springframework.data.geo.Point to interface java.util.Map as writing converter although it doesn't convert to a store-supported type! You might want to check your annotation setup at the converter implementation.
2022-02-01 16:17:15.364 [restartedMain] WARN  org.springframework.data.convert.CustomConversions - Registering converter from interface java.util.Map to class org.springframework.data.geo.Point as reading converter although it doesn't convert from a store-supported type! You might want to check your annotation setup at the converter implementation.
2022-02-01 16:17:15.364 [restartedMain] WARN  org.springframework.data.convert.CustomConversions - Registering converter from class org.springframework.data.elasticsearch.core.geo.GeoPoint to interface java.util.Map as writing converter although it doesn't convert to a store-supported type! You might want to check your annotation setup at the converter implementation.
2022-02-01 16:17:15.364 [restartedMain] WARN  org.springframework.data.convert.CustomConversions - Registering converter from interface java.util.Map to class org.springframework.data.elasticsearch.core.geo.GeoPoint as reading converter although it doesn't convert from a store-supported type! You might want to check your annotation setup at the converter implementation.
2022-02-01 16:17:16.525 [restartedMain] INFO  o.s.data.elasticsearch.support.VersionInfo - Version Spring Data Elasticsearch: 4.0.2.RELEASE
2022-02-01 16:17:16.527 [restartedMain] INFO  o.s.data.elasticsearch.support.VersionInfo - Version Elasticsearch Client in build: 7.6.2
2022-02-01 16:17:16.528 [restartedMain] INFO  o.s.data.elasticsearch.support.VersionInfo - Version Elasticsearch Client used: 7.6.2
2022-02-01 16:17:16.710 [restartedMain] INFO  o.s.b.d.autoconfigure.OptionalLiveReloadServer - LiveReload server is running on port 35729
2022-02-01 16:17:17.766 [restartedMain] WARN  o.s.d.e.r.support.AbstractElasticsearchRepository - Cannot create index: Timeout connecting to [localhost/127.0.0.1:9200]; nested exception is java.lang.RuntimeException: Timeout connecting to [localhost/127.0.0.1:9200]
2022-02-01 16:17:18.208 [restartedMain] INFO  o.s.scheduling.concurrent.ThreadPoolTaskExecutor - Initializing ExecutorService 'applicationTaskExecutor'
2022-02-01 16:17:18.315 [restartedMain] INFO  o.s.b.a.web.servlet.WelcomePageHandlerMapping - Adding welcome page: class path resource [static/index.html]
2022-02-01 16:17:18.872 [restartedMain] INFO  o.s.scheduling.concurrent.ThreadPoolTaskScheduler - Initializing ExecutorService 'taskScheduler'
2022-02-01 16:17:19.179 [restartedMain] INFO  org.apache.coyote.http11.Http11NioProtocol - Starting ProtocolHandler ["http-nio-8081"]
2022-02-01 16:17:19.195 [restartedMain] INFO  o.s.boot.web.embedded.tomcat.TomcatWebServer - Tomcat started on port(s): 8081 (http) with context path '/share'
2022-02-01 16:17:19.197 [restartedMain] INFO  o.s.a.rabbit.connection.CachingConnectionFactory - Attempting to connect to: [localhost:5672]
2022-02-01 16:17:19.233 [restartedMain] INFO  o.s.a.rabbit.connection.CachingConnectionFactory - Created new connection: rabbitConnectionFactory#1c3a026:0/SimpleConnection@426a1104 [delegate=amqp://guest@127.0.0.1:5672/, localPort= 57021]
2022-02-01 16:17:31.288 [restartedMain] INFO  o.s.a.r.listener.SimpleMessageListenerContainer - Broker not available; cannot force queue declarations during start: Error creating bean with name 'jpaMappingContext': Invocation of init method failed; nested exception is java.lang.IllegalArgumentException: JPA metamodel must not be empty!
2022-02-01 16:17:31.336 [restartedMain] INFO  o.s.d.r.c.DeferredRepositoryInitializationListener - Triggering deferred initialization of Spring Data repositories…
2022-02-01 16:17:31.337 [restartedMain] INFO  o.s.d.r.c.DeferredRepositoryInitializationListener - Spring Data repositories initialized!
2022-02-01 16:17:31.350 [restartedMain] INFO  c.s.springbootdemo.SpringbootdemoApplication - Started SpringbootdemoApplication in 20.611 seconds (JVM running for 21.634)
2022-02-01 16:17:31.353 [restartedMain] INFO  c.s.springbootdemo.SpringbootdemoApplication - ===============启动成功了===============
